[debug] [2023-03-24T15:54:01.272Z] ----------------------------------------------------------------------
[debug] [2023-03-24T15:54:01.273Z] Command:       C:\Program Files\nodejs\node.exe C:\Users\shubh\AppData\Roaming\npm\node_modules\firebase-tools\lib\bin\firebase.js init
[debug] [2023-03-24T15:54:01.274Z] CLI Version:   11.25.1
[debug] [2023-03-24T15:54:01.274Z] Platform:      win32
[debug] [2023-03-24T15:54:01.274Z] Node Version:  v18.13.0
[debug] [2023-03-24T15:54:01.275Z] Time:          Fri Mar 24 2023 21:24:01 GMT+0530 (India Standard Time)
[debug] [2023-03-24T15:54:01.275Z] ----------------------------------------------------------------------
[debug] 
[debug] [2023-03-24T15:54:01.325Z] > command requires scopes: ["email","openid","https://www.googleapis.com/auth/cloudplatformprojects.readonly","https://www.googleapis.com/auth/firebase","https://www.googleapis.com/auth/cloud-platform"]
[debug] [2023-03-24T15:54:01.326Z] > authorizing via signed-in user (shubhankar.shandilya.india@gmail.com)
[info] 
     ######## #### ########  ######## ########     ###     ######  ########
     ##        ##  ##     ## ##       ##     ##  ##   ##  ##       ##
     ######    ##  ########  ######   ########  #########  ######  ######
     ##        ##  ##    ##  ##       ##     ## ##     ##       ## ##
     ##       #### ##     ## ######## ########  ##     ##  ######  ########

You're about to initialize a Firebase project in this directory:

  C:\Users\shubh\Desktop\cryptoverse

Before we get started, keep in mind:

  * You are initializing within an existing Firebase project directory

[info] 
=== Project Setup
[info] 
[info] First, let's associate this project directory with a Firebase project.
[info] You can create multiple project aliases by running firebase use --add, 
[info] but for now we'll just set up a default project.
[info] 
[debug] [2023-03-24T15:54:11.241Z] Using project from CLI flag: cryptoverse-3fd7e
[debug] [2023-03-24T15:54:11.247Z] >>> [apiv2][query] GET https://firebase.googleapis.com/v1beta1/projects/cryptoverse-3fd7e [none]
[debug] [2023-03-24T15:54:12.361Z] <<< [apiv2][status] GET https://firebase.googleapis.com/v1beta1/projects/cryptoverse-3fd7e 200
[debug] [2023-03-24T15:54:12.361Z] <<< [apiv2][body] GET https://firebase.googleapis.com/v1beta1/projects/cryptoverse-3fd7e {"projectId":"cryptoverse-3fd7e","projectNumber":"869332117342","displayName":"Cryptoverse","name":"projects/cryptoverse-3fd7e","resources":{"hostingSite":"cryptoverse-3fd7e"},"state":"ACTIVE","etag":"1_d8b704fd-360c-47e4-8a22-edb3fda4c626"}
[info] i  Using project cryptoverse-3fd7e (Cryptoverse) 
[info] 
=== Hosting Setup
[info] 
[info] Your public directory is the folder (relative to your project directory) that
[info] will contain Hosting assets to be uploaded with firebase deploy. If you
[info] have a build process for your assets, use your build's output directory.
[info] 
[debug] [2023-03-24T15:54:52.207Z] >>> [apiv2][query] GET https://www.gstatic.com/firebasejs/releases.json [none]
[debug] [2023-03-24T15:54:52.556Z] <<< [apiv2][status] GET https://www.gstatic.com/firebasejs/releases.json 200
[debug] [2023-03-24T15:54:52.556Z] <<< [apiv2][body] GET https://www.gstatic.com/firebasejs/releases.json {"current":{"version":"9.18.0","browserURL":"https://www.gstatic.com/firebasejs/9.18.0/firebase.js","packageURL":"https://www.gstatic.com/firebasejs/9.18.0/firebase.tgz"},"live":{"version":"9.18","browserURL":"https://www.gstatic.com/firebasejs/live/9.18/firebase.js","packageURL":"https://www.gstatic.com/firebasejs/live/9.18/firebase.tgz"},"components":{"analytics":"https://www.gstatic.com/firebasejs/9.18.0/firebase-analytics.js","app":"https://www.gstatic.com/firebasejs/9.18.0/firebase-app.js","app-check":"https://www.gstatic.com/firebasejs/9.18.0/firebase-app-check.js","auth":"https://www.gstatic.com/firebasejs/9.18.0/firebase-auth.js","auth/cordova":"https://www.gstatic.com/firebasejs/9.18.0/firebase-auth/cordova.js","auth/react-native":"https://www.gstatic.com/firebasejs/9.18.0/firebase-auth/react-native.js","functions":"https://www.gstatic.com/firebasejs/9.18.0/firebase-functions.js","firestore":"https://www.gstatic.com/firebasejs/9.18.0/firebase-firestore.js","firestore/lite":"https://www.gstatic.com/firebasejs/9.18.0/firebase-firestore/lite.js","installations":"https://www.gstatic.com/firebasejs/9.18.0/firebase-installations.js","storage":"https://www.gstatic.com/firebasejs/9.18.0/firebase-storage.js","performance":"https://www.gstatic.com/firebasejs/9.18.0/firebase-performance.js","remote-config":"https://www.gstatic.com/firebasejs/9.18.0/firebase-remote-config.js","messaging":"https://www.gstatic.com/firebasejs/9.18.0/firebase-messaging.js","messaging/sw":"https://www.gstatic.com/firebasejs/9.18.0/firebase-messaging/sw.js","database":"https://www.gstatic.com/firebasejs/9.18.0/firebase-database.js","firestore.memory":"https://www.gstatic.com/firebasejs/9.18.0/firebase-firestore.memory.js"}}
[debug] [2023-03-24T15:54:52.960Z] Error: ENOTDIR: not a directory, scandir 'C:\Users\shubh\Desktop\cryptoverse\public\index.html'
    at Object.readdirSync (node:fs:1451:3)
    at Object.createFileSync (C:\Users\shubh\AppData\Roaming\npm\node_modules\firebase-tools\node_modules\fs-extra\lib\ensure\file.js:55:10)
    at Config.writeProjectFile (C:\Users\shubh\AppData\Roaming\npm\node_modules\firebase-tools\lib\config.js:152:12)
    at C:\Users\shubh\AppData\Roaming\npm\node_modules\firebase-tools\lib\config.js:176:22
    at process.processTicksAndRejections (node:internal/process/task_queues:95:5)
    at async doSetup (C:\Users\shubh\AppData\Roaming\npm\node_modules\firebase-tools\lib\init\features\hosting\index.js:144:9)
    at async init (C:\Users\shubh\AppData\Roaming\npm\node_modules\firebase-tools\lib\init\index.js:36:9)
[error] 
[error] Error: An unexpected error has occurred.
[debug] [2023-03-24T15:54:59.411Z] ----------------------------------------------------------------------
[debug] [2023-03-24T15:54:59.413Z] Command:       C:\Program Files\nodejs\node.exe C:\Users\shubh\AppData\Roaming\npm\node_modules\firebase-tools\lib\bin\firebase.js init
[debug] [2023-03-24T15:54:59.414Z] CLI Version:   11.25.1
[debug] [2023-03-24T15:54:59.414Z] Platform:      win32
[debug] [2023-03-24T15:54:59.414Z] Node Version:  v18.13.0
[debug] [2023-03-24T15:54:59.415Z] Time:          Fri Mar 24 2023 21:24:59 GMT+0530 (India Standard Time)
[debug] [2023-03-24T15:54:59.415Z] ----------------------------------------------------------------------
[debug] 
[debug] [2023-03-24T15:54:59.479Z] > command requires scopes: ["email","openid","https://www.googleapis.com/auth/cloudplatformprojects.readonly","https://www.googleapis.com/auth/firebase","https://www.googleapis.com/auth/cloud-platform"]
[debug] [2023-03-24T15:54:59.479Z] > authorizing via signed-in user (shubhankar.shandilya.india@gmail.com)
[info] 
     ######## #### ########  ######## ########     ###     ######  ########
     ##        ##  ##     ## ##       ##     ##  ##   ##  ##       ##
     ######    ##  ########  ######   ########  #########  ######  ######
     ##        ##  ##    ##  ##       ##     ## ##     ##       ## ##
     ##       #### ##     ## ######## ########  ##     ##  ######  ########

You're about to initialize a Firebase project in this directory:

  C:\Users\shubh\Desktop\cryptoverse

Before we get started, keep in mind:

  * You are initializing within an existing Firebase project directory

[info] 
=== Project Setup
[info] 
[info] First, let's associate this project directory with a Firebase project.
[info] You can create multiple project aliases by running firebase use --add, 
[info] but for now we'll just set up a default project.
[info] 
[debug] [2023-03-24T15:55:09.083Z] Using project from CLI flag: cryptoverse-3fd7e
[debug] [2023-03-24T15:55:09.085Z] >>> [apiv2][query] GET https://firebase.googleapis.com/v1beta1/projects/cryptoverse-3fd7e [none]
[debug] [2023-03-24T15:55:10.311Z] <<< [apiv2][status] GET https://firebase.googleapis.com/v1beta1/projects/cryptoverse-3fd7e 200
[debug] [2023-03-24T15:55:10.311Z] <<< [apiv2][body] GET https://firebase.googleapis.com/v1beta1/projects/cryptoverse-3fd7e {"projectId":"cryptoverse-3fd7e","projectNumber":"869332117342","displayName":"Cryptoverse","name":"projects/cryptoverse-3fd7e","resources":{"hostingSite":"cryptoverse-3fd7e"},"state":"ACTIVE","etag":"1_d8b704fd-360c-47e4-8a22-edb3fda4c626"}
[info] i  Using project cryptoverse-3fd7e (Cryptoverse) 
[info] 
=== Hosting Setup
[info] 
[info] Your public directory is the folder (relative to your project directory) that
[info] will contain Hosting assets to be uploaded with firebase deploy. If you
[info] have a build process for your assets, use your build's output directory.
[info] 
[debug] [2023-03-24T15:55:20.614Z] >>> [apiv2][query] GET https://www.gstatic.com/firebasejs/releases.json [none]
[debug] [2023-03-24T15:55:20.920Z] <<< [apiv2][status] GET https://www.gstatic.com/firebasejs/releases.json 200
[debug] [2023-03-24T15:55:20.920Z] <<< [apiv2][body] GET https://www.gstatic.com/firebasejs/releases.json {"current":{"version":"9.18.0","browserURL":"https://www.gstatic.com/firebasejs/9.18.0/firebase.js","packageURL":"https://www.gstatic.com/firebasejs/9.18.0/firebase.tgz"},"live":{"version":"9.18","browserURL":"https://www.gstatic.com/firebasejs/live/9.18/firebase.js","packageURL":"https://www.gstatic.com/firebasejs/live/9.18/firebase.tgz"},"components":{"analytics":"https://www.gstatic.com/firebasejs/9.18.0/firebase-analytics.js","app":"https://www.gstatic.com/firebasejs/9.18.0/firebase-app.js","app-check":"https://www.gstatic.com/firebasejs/9.18.0/firebase-app-check.js","auth":"https://www.gstatic.com/firebasejs/9.18.0/firebase-auth.js","auth/cordova":"https://www.gstatic.com/firebasejs/9.18.0/firebase-auth/cordova.js","auth/react-native":"https://www.gstatic.com/firebasejs/9.18.0/firebase-auth/react-native.js","functions":"https://www.gstatic.com/firebasejs/9.18.0/firebase-functions.js","firestore":"https://www.gstatic.com/firebasejs/9.18.0/firebase-firestore.js","firestore/lite":"https://www.gstatic.com/firebasejs/9.18.0/firebase-firestore/lite.js","installations":"https://www.gstatic.com/firebasejs/9.18.0/firebase-installations.js","storage":"https://www.gstatic.com/firebasejs/9.18.0/firebase-storage.js","performance":"https://www.gstatic.com/firebasejs/9.18.0/firebase-performance.js","remote-config":"https://www.gstatic.com/firebasejs/9.18.0/firebase-remote-config.js","messaging":"https://www.gstatic.com/firebasejs/9.18.0/firebase-messaging.js","messaging/sw":"https://www.gstatic.com/firebasejs/9.18.0/firebase-messaging/sw.js","database":"https://www.gstatic.com/firebasejs/9.18.0/firebase-database.js","firestore.memory":"https://www.gstatic.com/firebasejs/9.18.0/firebase-firestore.memory.js"}}
[debug] [2023-03-24T15:55:21.287Z] Error: ENOTDIR: not a directory, scandir 'C:\Users\shubh\Desktop\cryptoverse\build\index.html'
    at Object.readdirSync (node:fs:1451:3)
    at Object.createFileSync (C:\Users\shubh\AppData\Roaming\npm\node_modules\firebase-tools\node_modules\fs-extra\lib\ensure\file.js:55:10)
    at Config.writeProjectFile (C:\Users\shubh\AppData\Roaming\npm\node_modules\firebase-tools\lib\config.js:152:12)
    at C:\Users\shubh\AppData\Roaming\npm\node_modules\firebase-tools\lib\config.js:176:22
    at process.processTicksAndRejections (node:internal/process/task_queues:95:5)
    at async doSetup (C:\Users\shubh\AppData\Roaming\npm\node_modules\firebase-tools\lib\init\features\hosting\index.js:144:9)
    at async init (C:\Users\shubh\AppData\Roaming\npm\node_modules\firebase-tools\lib\init\index.js:36:9)
[error] 
[error] Error: An unexpected error has occurred.
